<?xml version="1.0" encoding="UTF-8"?>
<testng-results ignored="0" total="1" passed="1" failed="0" skipped="0">
  <reporter-output>
  </reporter-output>
  <suite started-at="2021-07-21T18:03:37 IST" name="Default suite" finished-at="2021-07-21T18:03:46 IST" duration-ms="8750">
    <groups>
    </groups>
    <test started-at="2021-07-21T18:03:37 IST" name="Default test" finished-at="2021-07-21T18:03:46 IST" duration-ms="8750">
      <class name="tests.LoginTest">
        <test-method signature="Login()[pri:0, instance:tests.LoginTest@48aaecc3]" started-at="2021-07-21T18:03:37 IST" name="Login" finished-at="2021-07-21T18:03:46 IST" duration-ms="8699" status="PASS">
          <reporter-output>
          </reporter-output>
        </test-method> <!-- Login -->
      </class> <!-- tests.LoginTest -->
    </test> <!-- Default test -->
  </suite> <!-- Default suite -->
</testng-results>
